2025-09-23 06:40:39,239 DEBUG [main] o.s.c.a.AnnotationConfigApplicationContext - Refreshing org.springframework.context.annotation.AnnotationConfigApplicationContext@7ff95560
2025-09-23 06:40:39,256 DEBUG [main] o.s.b.f.s.DefaultListableBeanFactory - Creating shared instance of singleton bean 'org.springframework.context.annotation.internalConfigurationAnnotationProcessor'
2025-09-23 06:40:39,362 DEBUG [main] o.s.c.a.ClassPathBeanDefinitionScanner - Identified candidate component class: file [/Users/anya/epamlab/spring-core/spring-core/target/classes/org/example/credentials/PasswordGenerator.class]
2025-09-23 06:40:39,366 DEBUG [main] o.s.c.a.ClassPathBeanDefinitionScanner - Identified candidate component class: file [/Users/anya/epamlab/spring-core/spring-core/target/classes/org/example/dao/impl/TraineeDAO.class]
2025-09-23 06:40:39,368 DEBUG [main] o.s.c.a.ClassPathBeanDefinitionScanner - Identified candidate component class: file [/Users/anya/epamlab/spring-core/spring-core/target/classes/org/example/dao/impl/TrainerDAO.class]
2025-09-23 06:40:39,369 DEBUG [main] o.s.c.a.ClassPathBeanDefinitionScanner - Identified candidate component class: file [/Users/anya/epamlab/spring-core/spring-core/target/classes/org/example/dao/impl/TrainingDAO.class]
2025-09-23 06:40:39,370 DEBUG [main] o.s.c.a.ClassPathBeanDefinitionScanner - Identified candidate component class: file [/Users/anya/epamlab/spring-core/spring-core/target/classes/org/example/facade/TrainingFacade.class]
2025-09-23 06:40:39,377 DEBUG [main] o.s.c.a.ClassPathBeanDefinitionScanner - Identified candidate component class: file [/Users/anya/epamlab/spring-core/spring-core/target/classes/org/example/logging/FacadeLoggingAspect.class]
2025-09-23 06:40:39,378 DEBUG [main] o.s.c.a.ClassPathBeanDefinitionScanner - Identified candidate component class: file [/Users/anya/epamlab/spring-core/spring-core/target/classes/org/example/logging/ServiceLoggingAspect.class]
2025-09-23 06:40:39,396 DEBUG [main] o.s.c.a.ClassPathBeanDefinitionScanner - Identified candidate component class: file [/Users/anya/epamlab/spring-core/spring-core/target/classes/org/example/processing/DataLoader.class]
2025-09-23 06:40:39,398 DEBUG [main] o.s.c.a.ClassPathBeanDefinitionScanner - Identified candidate component class: file [/Users/anya/epamlab/spring-core/spring-core/target/classes/org/example/processing/EntityProcessor.class]
2025-09-23 06:40:39,408 DEBUG [main] o.s.c.a.ClassPathBeanDefinitionScanner - Identified candidate component class: file [/Users/anya/epamlab/spring-core/spring-core/target/classes/org/example/service/impl/TraineeServiceImpl.class]
2025-09-23 06:40:39,410 DEBUG [main] o.s.c.a.ClassPathBeanDefinitionScanner - Identified candidate component class: file [/Users/anya/epamlab/spring-core/spring-core/target/classes/org/example/service/impl/TrainerServiceImpl.class]
2025-09-23 06:40:39,411 DEBUG [main] o.s.c.a.ClassPathBeanDefinitionScanner - Identified candidate component class: file [/Users/anya/epamlab/spring-core/spring-core/target/classes/org/example/service/impl/TrainingServiceImpl.class]
2025-09-23 06:40:39,411 DEBUG [main] o.s.c.a.ClassPathBeanDefinitionScanner - Identified candidate component class: file [/Users/anya/epamlab/spring-core/spring-core/target/classes/org/example/storage/Storage.class]
2025-09-23 06:40:39,468 DEBUG [main] o.s.b.f.s.DefaultListableBeanFactory - Creating shared instance of singleton bean 'propertySourcesPlaceholderConfigurer'
2025-09-23 06:40:39,475 DEBUG [main] o.s.b.f.s.DefaultListableBeanFactory - Creating shared instance of singleton bean 'org.springframework.context.event.internalEventListenerProcessor'
2025-09-23 06:40:39,476 DEBUG [main] o.s.b.f.s.DefaultListableBeanFactory - Creating shared instance of singleton bean 'org.springframework.context.event.internalEventListenerFactory'
2025-09-23 06:40:39,478 DEBUG [main] o.s.b.f.s.DefaultListableBeanFactory - Creating shared instance of singleton bean 'org.springframework.context.annotation.internalAutowiredAnnotationProcessor'
2025-09-23 06:40:39,480 DEBUG [main] o.s.b.f.s.DefaultListableBeanFactory - Creating shared instance of singleton bean 'org.springframework.context.annotation.internalCommonAnnotationProcessor'
2025-09-23 06:40:39,486 DEBUG [main] o.s.b.f.s.DefaultListableBeanFactory - Creating shared instance of singleton bean 'org.springframework.aop.config.internalAutoProxyCreator'
2025-09-23 06:40:39,533 DEBUG [main] o.s.b.f.s.DefaultListableBeanFactory - Creating shared instance of singleton bean 'dataLoader'
2025-09-23 06:40:39,558 DEBUG [main] o.s.a.a.a.ReflectiveAspectJAdvisorFactory - Found AspectJ method: public void org.example.logging.FacadeLoggingAspect.logMethodCall(org.aspectj.lang.JoinPoint)
2025-09-23 06:40:39,560 DEBUG [main] o.s.a.a.a.ReflectiveAspectJAdvisorFactory - Found AspectJ method: public void org.example.logging.FacadeLoggingAspect.logMethodReturn(org.aspectj.lang.JoinPoint,java.lang.Object)
2025-09-23 06:40:39,567 DEBUG [main] o.s.a.a.a.ReflectiveAspectJAdvisorFactory - Found AspectJ method: public void org.example.logging.FacadeLoggingAspect.logMethodException(org.aspectj.lang.JoinPoint,java.lang.Throwable)
2025-09-23 06:40:39,568 DEBUG [main] o.s.a.a.a.ReflectiveAspectJAdvisorFactory - Found AspectJ method: public void org.example.logging.ServiceLoggingAspect.logMethodCall(org.aspectj.lang.JoinPoint)
2025-09-23 06:40:39,569 DEBUG [main] o.s.a.a.a.ReflectiveAspectJAdvisorFactory - Found AspectJ method: public void org.example.logging.ServiceLoggingAspect.logMethodReturn(org.aspectj.lang.JoinPoint,java.lang.Object)
2025-09-23 06:40:39,569 DEBUG [main] o.s.a.a.a.ReflectiveAspectJAdvisorFactory - Found AspectJ method: public void org.example.logging.ServiceLoggingAspect.logMethodException(org.aspectj.lang.JoinPoint,java.lang.Throwable)
2025-09-23 06:40:39,585 DEBUG [main] o.s.c.e.PropertySourcesPropertyResolver - Found key 'data.file.path' in PropertySource 'environmentProperties' with value of type String
2025-09-23 06:40:39,724 DEBUG [main] o.s.b.f.s.DefaultListableBeanFactory - Creating shared instance of singleton bean 'config'
2025-09-23 06:40:39,727 DEBUG [main] o.s.b.f.s.DefaultListableBeanFactory - Creating shared instance of singleton bean 'passwordGenerator'
2025-09-23 06:40:39,729 DEBUG [main] o.s.b.f.s.DefaultListableBeanFactory - Creating shared instance of singleton bean 'traineeDAO'
2025-09-23 06:40:39,732 DEBUG [main] o.s.b.f.s.DefaultListableBeanFactory - Creating shared instance of singleton bean 'storage'
2025-09-23 06:40:39,733 DEBUG [main] o.s.b.f.s.DefaultListableBeanFactory - Creating shared instance of singleton bean 'entityProcessor'
2025-09-23 06:40:39,734 DEBUG [main] o.s.b.f.s.DefaultListableBeanFactory - Autowiring by type from bean name 'entityProcessor' via constructor to bean named 'passwordGenerator'
2025-09-23 06:40:39,737 DEBUG [main] o.s.b.f.s.DefaultListableBeanFactory - Autowiring by type from bean name 'storage' via constructor to bean named 'entityProcessor'
2025-09-23 06:40:39,971 DEBUG [main] org.example.processing.DataLoader - reading data from data.json file
2025-09-23 06:40:40,065 DEBUG [main] org.example.processing.DataLoader - processing entity for key trainer:1 
2025-09-23 06:40:40,067 DEBUG [main] o.example.processing.EntityProcessor - creating entity with type : trainer:1
2025-09-23 06:40:40,067 DEBUG [main] org.example.processing.DataLoader - processing entity for key trainee:1 
2025-09-23 06:40:40,067 DEBUG [main] o.example.processing.EntityProcessor - creating entity with type : trainee:1
2025-09-23 06:40:40,067 DEBUG [main] org.example.processing.DataLoader - processing entity for key trainer:2 
2025-09-23 06:40:40,067 DEBUG [main] o.example.processing.EntityProcessor - creating entity with type : trainer:2
2025-09-23 06:40:40,067 DEBUG [main] org.example.processing.DataLoader - processing entity for key training:1 
2025-09-23 06:40:40,067 DEBUG [main] o.example.processing.EntityProcessor - creating entity with type : training:1
2025-09-23 06:40:40,068 DEBUG [main] org.example.processing.DataLoader - processing entity for key training:2 
2025-09-23 06:40:40,068 DEBUG [main] o.example.processing.EntityProcessor - creating entity with type : training:2
2025-09-23 06:40:40,068 DEBUG [main] org.example.processing.DataLoader - processing entity for key trainee:2 
2025-09-23 06:40:40,068 DEBUG [main] o.example.processing.EntityProcessor - creating entity with type : trainee:2
2025-09-23 06:40:40,068 DEBUG [main] org.example.processing.DataLoader - processing entity for key trainee:3 
2025-09-23 06:40:40,068 DEBUG [main] o.example.processing.EntityProcessor - creating entity with type : trainee:3
2025-09-23 06:40:40,068 DEBUG [main] org.example.processing.DataLoader - processing entity for key trainee:4 
2025-09-23 06:40:40,068 DEBUG [main] o.example.processing.EntityProcessor - creating entity with type : trainee:4
2025-09-23 06:40:40,068 DEBUG [main] org.example.processing.DataLoader - processing entity for key training:3 
2025-09-23 06:40:40,068 DEBUG [main] o.example.processing.EntityProcessor - creating entity with type : training:3
2025-09-23 06:40:40,068 DEBUG [main] org.example.processing.DataLoader - processing entity for key training:5 
2025-09-23 06:40:40,068 DEBUG [main] o.example.processing.EntityProcessor - creating entity with type : training:5
2025-09-23 06:40:40,068 INFO  [main] org.example.processing.DataLoader - saving read data to storage
2025-09-23 06:40:40,076 DEBUG [main] o.s.b.f.s.DefaultListableBeanFactory - Creating shared instance of singleton bean 'trainerDAO'
2025-09-23 06:40:40,082 DEBUG [main] o.s.b.f.s.DefaultListableBeanFactory - Creating shared instance of singleton bean 'trainingDAO'
2025-09-23 06:40:40,088 DEBUG [main] o.s.b.f.s.DefaultListableBeanFactory - Creating shared instance of singleton bean 'trainingFacade'
2025-09-23 06:40:40,089 DEBUG [main] o.s.b.f.s.DefaultListableBeanFactory - Creating shared instance of singleton bean 'trainingServiceImpl'
2025-09-23 06:40:40,089 DEBUG [main] o.s.b.f.s.DefaultListableBeanFactory - Creating shared instance of singleton bean 'trainerServiceImpl'
2025-09-23 06:40:40,103 DEBUG [main] o.s.b.f.s.DefaultListableBeanFactory - Creating shared instance of singleton bean 'traineeServiceImpl'
2025-09-23 06:40:40,109 DEBUG [main] o.s.b.f.s.DefaultListableBeanFactory - Autowiring by type from bean name 'trainingServiceImpl' via constructor to bean named 'trainingDAO'
2025-09-23 06:40:40,109 DEBUG [main] o.s.b.f.s.DefaultListableBeanFactory - Autowiring by type from bean name 'trainingServiceImpl' via constructor to bean named 'trainerServiceImpl'
2025-09-23 06:40:40,109 DEBUG [main] o.s.b.f.s.DefaultListableBeanFactory - Autowiring by type from bean name 'trainingServiceImpl' via constructor to bean named 'traineeServiceImpl'
2025-09-23 06:40:40,117 DEBUG [main] o.s.b.f.s.DefaultListableBeanFactory - Autowiring by type from bean name 'trainingFacade' via constructor to bean named 'trainingServiceImpl'
2025-09-23 06:40:40,117 DEBUG [main] o.s.b.f.s.DefaultListableBeanFactory - Autowiring by type from bean name 'trainingFacade' via constructor to bean named 'trainerServiceImpl'
2025-09-23 06:40:40,117 DEBUG [main] o.s.b.f.s.DefaultListableBeanFactory - Autowiring by type from bean name 'trainingFacade' via constructor to bean named 'traineeServiceImpl'
2025-09-23 06:40:40,205 DEBUG [main] o.s.b.f.s.DefaultListableBeanFactory - Creating shared instance of singleton bean 'facadeLoggingAspect'
2025-09-23 06:40:40,205 DEBUG [main] o.s.b.f.s.DefaultListableBeanFactory - Creating shared instance of singleton bean 'serviceLoggingAspect'
2025-09-23 06:40:40,220 INFO  [main] o.e.logging.ServiceLoggingAspect - Calling method: TrainerService.getById(..) with arguments [1]
2025-09-23 06:40:40,222 INFO  [main] o.e.logging.ServiceLoggingAspect - Method TrainerService.getById(..) returned with value: Trainer{specialization='fitness-trainer', userId=1, trainingsIds=[], trainingTypes=[STRENGTH, CARDIO], firstName='Lilia', lastName='Levada', userName='Lilia.Levadanull', password='-avKaVv!?l', isActive=false}
2025-09-23 06:40:40,228 INFO  [main] o.e.logging.ServiceLoggingAspect - Calling method: TrainingService.getById(..) with arguments [3]
2025-09-23 06:40:40,229 INFO  [main] o.e.logging.ServiceLoggingAspect - Method TrainingService.getById(..) returned with value: Training{id=3, traineeIds=[], trainerId=null, name='power step', trainingType=CARDIO, duration=60, date=2025-09-28}
2025-09-23 06:40:40,231 INFO  [main] o.e.logging.FacadeLoggingAspect - Calling method: TrainingFacade.createTraining(..) with arguments [Trainer{specialization='fitness-trainer', userId=1, trainingsIds=[], trainingTypes=[STRENGTH, CARDIO], firstName='Lilia', lastName='Levada', userName='Lilia.Levadanull', password='-avKaVv!?l', isActive=false}, Training{id=3, traineeIds=[], trainerId=null, name='power step', trainingType=CARDIO, duration=60, date=2025-09-28}]
2025-09-23 06:40:40,232 INFO  [main] o.e.logging.ServiceLoggingAspect - Calling method: TrainerService.getById(..) with arguments [1]
2025-09-23 06:40:40,232 INFO  [main] o.e.logging.ServiceLoggingAspect - Method TrainerService.getById(..) returned with value: Trainer{specialization='fitness-trainer', userId=1, trainingsIds=[], trainingTypes=[STRENGTH, CARDIO], firstName='Lilia', lastName='Levada', userName='Lilia.Levadanull', password='-avKaVv!?l', isActive=false}
2025-09-23 06:40:40,232 INFO  [main] o.e.logging.ServiceLoggingAspect - Calling method: TrainingService.createTrainingByTrainer(..) with arguments [Trainer{specialization='fitness-trainer', userId=1, trainingsIds=[], trainingTypes=[STRENGTH, CARDIO], firstName='Lilia', lastName='Levada', userName='Lilia.Levadanull', password='-avKaVv!?l', isActive=false}, Training{id=3, traineeIds=[], trainerId=null, name='power step', trainingType=CARDIO, duration=60, date=2025-09-28}]
2025-09-23 06:40:40,240 INFO  [main] o.e.logging.ServiceLoggingAspect - Calling method: TrainerService.addTrainingToTrainer(..) with arguments [Trainer{specialization='fitness-trainer', userId=1, trainingsIds=[], trainingTypes=[STRENGTH, CARDIO], firstName='Lilia', lastName='Levada', userName='Lilia.Levadanull', password='-avKaVv!?l', isActive=false}, 3]
2025-09-23 06:40:40,241 INFO  [main] o.e.logging.ServiceLoggingAspect - Method TrainerService.addTrainingToTrainer(..) returned with value: null
2025-09-23 06:40:40,241 INFO  [main] o.e.logging.ServiceLoggingAspect - Method TrainingService.createTrainingByTrainer(..) returned with value: Training{id=3, traineeIds=[], trainerId=1, name='power step', trainingType=CARDIO, duration=60, date=2025-09-28}
2025-09-23 06:40:40,241 INFO  [main] o.e.logging.FacadeLoggingAspect - Method TrainingFacade.createTraining(..) returned with value: Training{id=3, traineeIds=[], trainerId=1, name='power step', trainingType=CARDIO, duration=60, date=2025-09-28}
2025-09-23 06:40:40,243 INFO  [main] o.e.logging.FacadeLoggingAspect - Calling method: TrainingFacade.getAllTrainingsByTrainer(..) with arguments [Trainer{specialization='fitness-trainer', userId=1, trainingsIds=[3], trainingTypes=[STRENGTH, CARDIO], firstName='Lilia', lastName='Levada', userName='Lilia.Levadanull', password='-avKaVv!?l', isActive=false}]
2025-09-23 06:40:40,243 INFO  [main] o.e.logging.ServiceLoggingAspect - Calling method: TrainerService.getById(..) with arguments [1]
2025-09-23 06:40:40,243 INFO  [main] o.e.logging.ServiceLoggingAspect - Method TrainerService.getById(..) returned with value: Trainer{specialization='fitness-trainer', userId=1, trainingsIds=[3], trainingTypes=[STRENGTH, CARDIO], firstName='Lilia', lastName='Levada', userName='Lilia.Levadanull', password='-avKaVv!?l', isActive=false}
2025-09-23 06:40:40,244 INFO  [main] o.e.logging.ServiceLoggingAspect - Calling method: TrainingService.getById(..) with arguments [3]
2025-09-23 06:40:40,244 INFO  [main] o.e.logging.ServiceLoggingAspect - Method TrainingService.getById(..) returned with value: Training{id=3, traineeIds=[], trainerId=1, name='power step', trainingType=CARDIO, duration=60, date=2025-09-28}
2025-09-23 06:40:40,244 INFO  [main] o.e.logging.FacadeLoggingAspect - Method TrainingFacade.getAllTrainingsByTrainer(..) returned with value: [Training{id=3, traineeIds=[], trainerId=1, name='power step', trainingType=CARDIO, duration=60, date=2025-09-28}]
2025-09-23 06:40:40,245 INFO  [main] o.e.logging.ServiceLoggingAspect - Calling method: TraineeService.getById(..) with arguments [1]
2025-09-23 06:40:40,245 INFO  [main] o.e.logging.ServiceLoggingAspect - Method TraineeService.getById(..) returned with value: Trainee{dateOfBirth=1986-06-27, address='Melitopol', userId=1, trainingsIds=[], firstName='Anna', lastName='Sobol', userName='Anna.Sobol', password='DmG7PCS@+f', isActive=false}
2025-09-23 06:40:40,245 INFO  [main] o.e.logging.ServiceLoggingAspect - Calling method: TrainingService.getById(..) with arguments [3]
2025-09-23 06:40:40,245 INFO  [main] o.e.logging.ServiceLoggingAspect - Method TrainingService.getById(..) returned with value: Training{id=3, traineeIds=[], trainerId=1, name='power step', trainingType=CARDIO, duration=60, date=2025-09-28}
2025-09-23 06:40:40,246 INFO  [main] o.e.logging.FacadeLoggingAspect - Calling method: TrainingFacade.enrollForTraining(..) with arguments [Trainee{dateOfBirth=1986-06-27, address='Melitopol', userId=1, trainingsIds=[], firstName='Anna', lastName='Sobol', userName='Anna.Sobol', password='DmG7PCS@+f', isActive=false}, Training{id=3, traineeIds=[], trainerId=1, name='power step', trainingType=CARDIO, duration=60, date=2025-09-28}]
2025-09-23 06:40:40,246 INFO  [main] o.e.logging.ServiceLoggingAspect - Calling method: TraineeService.getById(..) with arguments [1]
2025-09-23 06:40:40,246 INFO  [main] o.e.logging.ServiceLoggingAspect - Method TraineeService.getById(..) returned with value: Trainee{dateOfBirth=1986-06-27, address='Melitopol', userId=1, trainingsIds=[], firstName='Anna', lastName='Sobol', userName='Anna.Sobol', password='DmG7PCS@+f', isActive=false}
2025-09-23 06:40:40,246 INFO  [main] o.e.logging.ServiceLoggingAspect - Calling method: TrainingService.enrollForTraining(..) with arguments [Trainee{dateOfBirth=1986-06-27, address='Melitopol', userId=1, trainingsIds=[], firstName='Anna', lastName='Sobol', userName='Anna.Sobol', password='DmG7PCS@+f', isActive=false}, Training{id=3, traineeIds=[], trainerId=1, name='power step', trainingType=CARDIO, duration=60, date=2025-09-28}]
2025-09-23 06:40:40,247 INFO  [main] o.e.logging.ServiceLoggingAspect - Calling method: TraineeService.addTrainingToTrainee(..) with arguments [Trainee{dateOfBirth=1986-06-27, address='Melitopol', userId=1, trainingsIds=[], firstName='Anna', lastName='Sobol', userName='Anna.Sobol', password='DmG7PCS@+f', isActive=false}, 3]
2025-09-23 06:40:40,247 INFO  [main] o.e.logging.ServiceLoggingAspect - Method TraineeService.addTrainingToTrainee(..) returned with value: null
2025-09-23 06:40:40,247 INFO  [main] o.e.logging.ServiceLoggingAspect - Method TrainingService.enrollForTraining(..) returned with value: Training{id=3, traineeIds=[1], trainerId=1, name='power step', trainingType=CARDIO, duration=60, date=2025-09-28}
2025-09-23 06:40:40,248 INFO  [main] o.e.logging.FacadeLoggingAspect - Method TrainingFacade.enrollForTraining(..) returned with value: Training{id=3, traineeIds=[1], trainerId=1, name='power step', trainingType=CARDIO, duration=60, date=2025-09-28}
2025-09-23 06:40:40,249 INFO  [main] o.e.logging.FacadeLoggingAspect - Calling method: TrainingFacade.getAllEnrolledTrainees(..) with arguments [Training{id=3, traineeIds=[1], trainerId=1, name='power step', trainingType=CARDIO, duration=60, date=2025-09-28}]
2025-09-23 06:40:40,249 INFO  [main] o.e.logging.ServiceLoggingAspect - Calling method: TraineeService.getById(..) with arguments [1]
2025-09-23 06:40:40,249 INFO  [main] o.e.logging.ServiceLoggingAspect - Method TraineeService.getById(..) returned with value: Trainee{dateOfBirth=1986-06-27, address='Melitopol', userId=1, trainingsIds=[3], firstName='Anna', lastName='Sobol', userName='Anna.Sobol', password='DmG7PCS@+f', isActive=false}
2025-09-23 06:40:40,249 INFO  [main] o.e.logging.FacadeLoggingAspect - Method TrainingFacade.getAllEnrolledTrainees(..) returned with value: [Trainee{dateOfBirth=1986-06-27, address='Melitopol', userId=1, trainingsIds=[3], firstName='Anna', lastName='Sobol', userName='Anna.Sobol', password='DmG7PCS@+f', isActive=false}]
2025-09-23 06:40:40,250 INFO  [main] o.e.logging.FacadeLoggingAspect - Calling method: TrainingFacade.getAllTrainingsByDate(..) with arguments [2025-09-10]
2025-09-23 06:40:40,251 INFO  [main] o.e.logging.ServiceLoggingAspect - Calling method: TrainingService.getAllByDate(..) with arguments [2025-09-10]
2025-09-23 06:40:40,251 INFO  [main] org.example.storage.Storage - listing entities by namespace training :
2025-09-23 06:40:40,253 INFO  [main] o.e.logging.ServiceLoggingAspect - Method TrainingService.getAllByDate(..) returned with value: [Training{id=1, traineeIds=[], trainerId=null, name='power step', trainingType=CARDIO, duration=60, date=2025-09-10}]
2025-09-23 06:40:40,253 INFO  [main] o.e.logging.FacadeLoggingAspect - Method TrainingFacade.getAllTrainingsByDate(..) returned with value: [Training{id=1, traineeIds=[], trainerId=null, name='power step', trainingType=CARDIO, duration=60, date=2025-09-10}]
2025-09-23 06:40:40,253 INFO  [main] o.e.logging.FacadeLoggingAspect - Calling method: TrainingFacade.withdrawFromTraining(..) with arguments [Trainee{dateOfBirth=1986-06-27, address='Melitopol', userId=1, trainingsIds=[3], firstName='Anna', lastName='Sobol', userName='Anna.Sobol', password='DmG7PCS@+f', isActive=false}, Training{id=3, traineeIds=[1], trainerId=1, name='power step', trainingType=CARDIO, duration=60, date=2025-09-28}]
2025-09-23 06:40:40,254 INFO  [main] o.e.logging.ServiceLoggingAspect - Calling method: TraineeService.getById(..) with arguments [1]
2025-09-23 06:40:40,254 INFO  [main] o.e.logging.ServiceLoggingAspect - Method TraineeService.getById(..) returned with value: Trainee{dateOfBirth=1986-06-27, address='Melitopol', userId=1, trainingsIds=[3], firstName='Anna', lastName='Sobol', userName='Anna.Sobol', password='DmG7PCS@+f', isActive=false}
2025-09-23 06:40:40,254 INFO  [main] o.e.logging.ServiceLoggingAspect - Calling method: TrainingService.withdrawFromTraining(..) with arguments [Trainee{dateOfBirth=1986-06-27, address='Melitopol', userId=1, trainingsIds=[3], firstName='Anna', lastName='Sobol', userName='Anna.Sobol', password='DmG7PCS@+f', isActive=false}, Training{id=3, traineeIds=[1], trainerId=1, name='power step', trainingType=CARDIO, duration=60, date=2025-09-28}]
2025-09-23 06:40:40,255 INFO  [main] o.e.logging.ServiceLoggingAspect - Calling method: TraineeService.update(..) with arguments [Trainee{dateOfBirth=1986-06-27, address='Melitopol', userId=1, trainingsIds=[], firstName='Anna', lastName='Sobol', userName='Anna.Sobol', password='DmG7PCS@+f', isActive=false}]
2025-09-23 06:40:40,255 INFO  [main] o.e.logging.ServiceLoggingAspect - Method TraineeService.update(..) returned with value: Trainee{dateOfBirth=1986-06-27, address='Melitopol', userId=1, trainingsIds=[], firstName='Anna', lastName='Sobol', userName='Anna.Sobol', password='DmG7PCS@+f', isActive=false}
2025-09-23 06:40:40,255 INFO  [main] o.e.logging.ServiceLoggingAspect - Method TrainingService.withdrawFromTraining(..) returned with value: Training{id=3, traineeIds=[], trainerId=1, name='power step', trainingType=CARDIO, duration=60, date=2025-09-28}
2025-09-23 06:40:40,255 INFO  [main] o.e.logging.FacadeLoggingAspect - Method TrainingFacade.withdrawFromTraining(..) returned with value: Training{id=3, traineeIds=[], trainerId=1, name='power step', trainingType=CARDIO, duration=60, date=2025-09-28}
2025-09-23 06:40:40,256 INFO  [main] o.e.logging.FacadeLoggingAspect - Calling method: TrainingFacade.removeTrainingFromTrainer(..) with arguments [Trainer{specialization='fitness-trainer', userId=1, trainingsIds=[3], trainingTypes=[STRENGTH, CARDIO], firstName='Lilia', lastName='Levada', userName='Lilia.Levadanull', password='-avKaVv!?l', isActive=false}, Training{id=3, traineeIds=[], trainerId=1, name='power step', trainingType=CARDIO, duration=60, date=2025-09-28}]
2025-09-23 06:40:40,256 INFO  [main] o.e.logging.ServiceLoggingAspect - Calling method: TrainerService.getById(..) with arguments [1]
2025-09-23 06:40:40,256 INFO  [main] o.e.logging.ServiceLoggingAspect - Method TrainerService.getById(..) returned with value: Trainer{specialization='fitness-trainer', userId=1, trainingsIds=[3], trainingTypes=[STRENGTH, CARDIO], firstName='Lilia', lastName='Levada', userName='Lilia.Levadanull', password='-avKaVv!?l', isActive=false}
2025-09-23 06:40:40,257 INFO  [main] o.e.logging.ServiceLoggingAspect - Calling method: TrainingService.removeTrainingFromTrainer(..) with arguments [Trainer{specialization='fitness-trainer', userId=1, trainingsIds=[3], trainingTypes=[STRENGTH, CARDIO], firstName='Lilia', lastName='Levada', userName='Lilia.Levadanull', password='-avKaVv!?l', isActive=false}, Training{id=3, traineeIds=[], trainerId=1, name='power step', trainingType=CARDIO, duration=60, date=2025-09-28}]
2025-09-23 06:40:40,257 INFO  [main] o.e.logging.ServiceLoggingAspect - Calling method: TrainerService.update(..) with arguments [Trainer{specialization='fitness-trainer', userId=1, trainingsIds=[], trainingTypes=[STRENGTH, CARDIO], firstName='Lilia', lastName='Levada', userName='Lilia.Levadanull', password='-avKaVv!?l', isActive=false}]
2025-09-23 06:40:40,257 INFO  [main] o.e.logging.ServiceLoggingAspect - Method TrainerService.update(..) returned with value: Trainer{specialization='fitness-trainer', userId=1, trainingsIds=[], trainingTypes=[STRENGTH, CARDIO], firstName='Lilia', lastName='Levada', userName='Lilia.Levadanull', password='-avKaVv!?l', isActive=false}
2025-09-23 06:40:40,257 INFO  [main] o.e.logging.ServiceLoggingAspect - Method TrainingService.removeTrainingFromTrainer(..) returned with value: Training{id=3, traineeIds=[], trainerId=null, name='power step', trainingType=CARDIO, duration=60, date=2025-09-28}
2025-09-23 06:40:40,257 INFO  [main] o.e.logging.FacadeLoggingAspect - Method TrainingFacade.removeTrainingFromTrainer(..) returned with value: Training{id=3, traineeIds=[], trainerId=null, name='power step', trainingType=CARDIO, duration=60, date=2025-09-28}
2025-09-23 06:40:40,258 INFO  [main] o.e.logging.ServiceLoggingAspect - Calling method: TrainerService.create(..) with arguments [Trainer{specialization='null', userId=null, trainingsIds=null, trainingTypes=[CARDIO, CALISTHENICS], firstName='Svitlana', lastName='Kovalchuk', userName='null', password='null', isActive=true}]
2025-09-23 06:40:40,258 DEBUG [main] o.example.processing.EntityProcessor - creating entity with type : trainer
2025-09-23 06:40:40,258 INFO  [main] org.example.storage.Storage - generating id for entity Trainer{specialization='null', userId=null, trainingsIds=null, trainingTypes=[CARDIO, CALISTHENICS], firstName='Svitlana', lastName='Kovalchuk', userName='Svitlana.Kovalchuk', password='_MnRlvSsUR', isActive=false}
2025-09-23 06:40:40,264 INFO  [main] o.e.logging.ServiceLoggingAspect - Method TrainerService.create(..) returned with value: Trainer{specialization='null', userId=4, trainingsIds=null, trainingTypes=[CARDIO, CALISTHENICS], firstName='Svitlana', lastName='Kovalchuk', userName='Svitlana.Kovalchuk', password='_MnRlvSsUR', isActive=false}
2025-09-23 06:40:40,264 INFO  [main] o.e.logging.ServiceLoggingAspect - Calling method: TrainerService.create(..) with arguments [Trainer{specialization='null', userId=null, trainingsIds=null, trainingTypes=[CARDIO, CALISTHENICS], firstName='Svitlana', lastName='Stoikova', userName='null', password='null', isActive=true}]
2025-09-23 06:40:40,264 DEBUG [main] o.example.processing.EntityProcessor - creating entity with type : trainer
2025-09-23 06:40:40,264 INFO  [main] org.example.storage.Storage - generating id for entity Trainer{specialization='null', userId=null, trainingsIds=null, trainingTypes=[CARDIO, CALISTHENICS], firstName='Svitlana', lastName='Stoikova', userName='Svitlana.Stoikova', password='2)(Np-vcIQ', isActive=false}
2025-09-23 06:40:40,264 INFO  [main] o.e.logging.ServiceLoggingAspect - Method TrainerService.create(..) returned with value: Trainer{specialization='null', userId=7, trainingsIds=null, trainingTypes=[CARDIO, CALISTHENICS], firstName='Svitlana', lastName='Stoikova', userName='Svitlana.Stoikova', password='2)(Np-vcIQ', isActive=false}
2025-09-23 06:40:40,264 INFO  [main] o.e.logging.ServiceLoggingAspect - Calling method: TrainerService.getAll() with arguments []
2025-09-23 06:40:40,265 INFO  [main] org.example.storage.Storage - listing entities by namespace trainer :
2025-09-23 06:40:40,265 INFO  [main] o.e.logging.ServiceLoggingAspect - Method TrainerService.getAll() returned with value: [Trainer{specialization='null', userId=4, trainingsIds=null, trainingTypes=[CARDIO, CALISTHENICS], firstName='Svitlana', lastName='Kovalchuk', userName='Svitlana.Kovalchuk', password='_MnRlvSsUR', isActive=false}, Trainer{specialization='fitness-trainer', userId=2, trainingsIds=[], trainingTypes=[CARDIO, PILATES, STRENGTH, TRX], firstName='Marina', lastName='Verhovska', userName='Marina.Verhovska', password='c+=f_EoG9+', isActive=false}, Trainer{specialization='fitness-trainer', userId=1, trainingsIds=[], trainingTypes=[STRENGTH, CARDIO], firstName='Lilia', lastName='Levada', userName='Lilia.Levadanull', password='-avKaVv!?l', isActive=false}, Trainer{specialization='null', userId=7, trainingsIds=null, trainingTypes=[CARDIO, CALISTHENICS], firstName='Svitlana', lastName='Stoikova', userName='Svitlana.Stoikova', password='2)(Np-vcIQ', isActive=false}]
2025-09-23 06:40:40,266 INFO  [main] o.e.logging.ServiceLoggingAspect - Calling method: TrainerService.deleteById(..) with arguments [7]
2025-09-23 06:40:40,266 INFO  [main] org.example.storage.Storage - removing value with key trainer:7 from storage 
2025-09-23 06:40:40,266 INFO  [main] o.e.logging.ServiceLoggingAspect - Method TrainerService.deleteById(..) returned with value: null
2025-09-23 06:40:40,266 INFO  [main] o.e.logging.ServiceLoggingAspect - Calling method: TrainerService.getAll() with arguments []
2025-09-23 06:40:40,266 INFO  [main] org.example.storage.Storage - listing entities by namespace trainer :
2025-09-23 06:40:40,266 INFO  [main] o.e.logging.ServiceLoggingAspect - Method TrainerService.getAll() returned with value: [Trainer{specialization='null', userId=4, trainingsIds=null, trainingTypes=[CARDIO, CALISTHENICS], firstName='Svitlana', lastName='Kovalchuk', userName='Svitlana.Kovalchuk', password='_MnRlvSsUR', isActive=false}, Trainer{specialization='fitness-trainer', userId=2, trainingsIds=[], trainingTypes=[CARDIO, PILATES, STRENGTH, TRX], firstName='Marina', lastName='Verhovska', userName='Marina.Verhovska', password='c+=f_EoG9+', isActive=false}, Trainer{specialization='fitness-trainer', userId=1, trainingsIds=[], trainingTypes=[STRENGTH, CARDIO], firstName='Lilia', lastName='Levada', userName='Lilia.Levadanull', password='-avKaVv!?l', isActive=false}]
